Build started 7/10/2014 3:44:11 AM.
     1>Project "C:\Users\gareth\Documents\Visual Studio 2010\Projects\ant5\ant5\ant5.vcxproj" on node 2 (build target(s)).
     1>InitializeBuildStatus:
         Creating "x64\Release\ant5.unsuccessfulbuild" because "AlwaysCreate" was specified.
       ClCompile:
         All outputs are up-to-date.
         c:\Program Files (x86)\Microsoft Visual Studio 10.0\VC\bin\x86_amd64\CL.exe /c /I"C:\Program Files (x86)\Visual Leak Detector\include" /Zi /nologo /W3 /WX- /MP /O2 /Oi /GL /D WIN32 /D NDEBUG /D _CONSOLE /D _UNICODE /D UNICODE /Gm- /EHsc /MD /GS /Gy /fp:precise /Zc:wchar_t /Zc:forScope /Yu"StdAfx.h" /Fp"x64\Release\ant5.pch" /Fo"x64\Release\\" /Fd"x64\Release\vc100.pdb" /Gd /TP /errorReport:prompt AntSystem.cpp
         AntSystem.cpp
       Link:
         c:\Program Files (x86)\Microsoft Visual Studio 10.0\VC\bin\x86_amd64\link.exe /ERRORREPORT:PROMPT /OUT:"C:\Users\gareth\Documents\Visual Studio 2010\Projects\ant5\x64\Release\ant5.exe" /INCREMENTAL:NO /NOLOGO /LIBPATH:"C:\Program Files (x86)\Visual Leak Detector\lib\Win64" kernel32.lib user32.lib gdi32.lib winspool.lib comdlg32.lib advapi32.lib shell32.lib ole32.lib oleaut32.lib uuid.lib odbc32.lib odbccp32.lib /MANIFEST /ManifestFile:"x64\Release\ant5.exe.intermediate.manifest" /MANIFESTUAC:"level='asInvoker' uiAccess='false'" /PDB:"C:\Users\gareth\Documents\Visual Studio 2010\Projects\ant5\x64\Release\ant5.pdb" /SUBSYSTEM:CONSOLE /OPT:REF /OPT:ICF /LTCG /TLBID:1 /DYNAMICBASE /NXCOMPAT /IMPLIB:"C:\Users\gareth\Documents\Visual Studio 2010\Projects\ant5\x64\Release\ant5.lib" /MACHINE:X64 x64\Release\Ant.obj
         x64\Release\ant5.obj
         x64\Release\AntCSystem.obj
         x64\Release\AntSystem.obj
         x64\Release\Chromo.obj
         x64\Release\Chromo1.obj
         x64\Release\ElitistAntSystem.obj
         x64\Release\FileReader.obj
         x64\Release\GeneticSystem.obj
         x64\Release\MinMaxAntSystem.obj
         x64\Release\stdafx.obj
         Generating code
         Finished generating code
         ant5.vcxproj -> C:\Users\gareth\Documents\Visual Studio 2010\Projects\ant5\x64\Release\ant5.exe
       Manifest:
         C:\Program Files (x86)\Microsoft SDKs\Windows\v7.0A\bin\mt.exe /nologo /verbose /outputresource:"C:\Users\gareth\Documents\Visual Studio 2010\Projects\ant5\x64\Release\ant5.exe;#1" /manifest x64\Release\ant5.exe.intermediate.manifest
       FinalizeBuildStatus:
         Deleting file "x64\Release\ant5.unsuccessfulbuild".
         Touching "x64\Release\ant5.lastbuildstate".
     1>Done Building Project "C:\Users\gareth\Documents\Visual Studio 2010\Projects\ant5\ant5\ant5.vcxproj" (build target(s)).

Build succeeded.

Time Elapsed 00:00:09.26
