C:\USERS\GARETH\DOCUMENTS\VISUAL STUDIO 2010\PROJECTS\ANT5\ANT5\X64\RELEASE\ANT.OBJ
C:\USERS\GARETH\DOCUMENTS\VISUAL STUDIO 2010\PROJECTS\ANT5\ANT5\X64\RELEASE\ANT5.EXE.INTERMEDIATE.MANIFEST
C:\USERS\GARETH\DOCUMENTS\VISUAL STUDIO 2010\PROJECTS\ANT5\ANT5\X64\RELEASE\ANT5.OBJ
C:\USERS\GARETH\DOCUMENTS\VISUAL STUDIO 2010\PROJECTS\ANT5\ANT5\X64\RELEASE\ANT5.PCH
C:\Users\gareth\Documents\Visual Studio 2010\Projects\ant5\ant5\x64\Release\ant5.vcxprojResolveAssemblyReference.cache
C:\Users\gareth\Documents\Visual Studio 2010\Projects\ant5\ant5\x64\Release\ant5.write.1.tlog
C:\USERS\GARETH\DOCUMENTS\VISUAL STUDIO 2010\PROJECTS\ANT5\ANT5\X64\RELEASE\ANTCSYSTEM.OBJ
C:\USERS\GARETH\DOCUMENTS\VISUAL STUDIO 2010\PROJECTS\ANT5\ANT5\X64\RELEASE\ANTSYSTEM.OBJ
C:\USERS\GARETH\DOCUMENTS\VISUAL STUDIO 2010\PROJECTS\ANT5\ANT5\X64\RELEASE\CHROMO.OBJ
C:\USERS\GARETH\DOCUMENTS\VISUAL STUDIO 2010\PROJECTS\ANT5\ANT5\X64\RELEASE\CHROMO1.OBJ
C:\Users\gareth\Documents\Visual Studio 2010\Projects\ant5\ant5\x64\Release\CL.1232.read.1.tlog
C:\Users\gareth\Documents\Visual Studio 2010\Projects\ant5\ant5\x64\Release\CL.1232.write.1.tlog
C:\Users\gareth\Documents\Visual Studio 2010\Projects\ant5\ant5\x64\Release\CL.1772.read.1.tlog
C:\Users\gareth\Documents\Visual Studio 2010\Projects\ant5\ant5\x64\Release\CL.1772.write.1.tlog
C:\Users\gareth\Documents\Visual Studio 2010\Projects\ant5\ant5\x64\Release\CL.2336.read.1.tlog
C:\Users\gareth\Documents\Visual Studio 2010\Projects\ant5\ant5\x64\Release\CL.2336.write.1.tlog
C:\Users\gareth\Documents\Visual Studio 2010\Projects\ant5\ant5\x64\Release\CL.2856.read.1.tlog
C:\Users\gareth\Documents\Visual Studio 2010\Projects\ant5\ant5\x64\Release\CL.2856.write.1.tlog
C:\Users\gareth\Documents\Visual Studio 2010\Projects\ant5\ant5\x64\Release\CL.3232.read.1.tlog
C:\Users\gareth\Documents\Visual Studio 2010\Projects\ant5\ant5\x64\Release\CL.3232.write.1.tlog
C:\Users\gareth\Documents\Visual Studio 2010\Projects\ant5\ant5\x64\Release\CL.3532.read.1.tlog
C:\Users\gareth\Documents\Visual Studio 2010\Projects\ant5\ant5\x64\Release\CL.3532.write.1.tlog
C:\Users\gareth\Documents\Visual Studio 2010\Projects\ant5\ant5\x64\Release\CL.3624.read.1.tlog
C:\Users\gareth\Documents\Visual Studio 2010\Projects\ant5\ant5\x64\Release\CL.3624.write.1.tlog
C:\Users\gareth\Documents\Visual Studio 2010\Projects\ant5\ant5\x64\Release\CL.3852.read.1.tlog
C:\Users\gareth\Documents\Visual Studio 2010\Projects\ant5\ant5\x64\Release\CL.3852.write.1.tlog
C:\Users\gareth\Documents\Visual Studio 2010\Projects\ant5\ant5\x64\Release\CL.4076.read.1.tlog
C:\Users\gareth\Documents\Visual Studio 2010\Projects\ant5\ant5\x64\Release\CL.4076.write.1.tlog
C:\Users\gareth\Documents\Visual Studio 2010\Projects\ant5\ant5\x64\Release\CL.4128.read.1.tlog
C:\Users\gareth\Documents\Visual Studio 2010\Projects\ant5\ant5\x64\Release\CL.4128.write.1.tlog
C:\Users\gareth\Documents\Visual Studio 2010\Projects\ant5\ant5\x64\Release\CL.4208.read.1.tlog
C:\Users\gareth\Documents\Visual Studio 2010\Projects\ant5\ant5\x64\Release\CL.4208.write.1.tlog
C:\Users\gareth\Documents\Visual Studio 2010\Projects\ant5\ant5\x64\Release\CL.4600.read.1.tlog
C:\Users\gareth\Documents\Visual Studio 2010\Projects\ant5\ant5\x64\Release\CL.4600.write.1.tlog
C:\Users\gareth\Documents\Visual Studio 2010\Projects\ant5\ant5\x64\Release\CL.4636.read.1.tlog
C:\Users\gareth\Documents\Visual Studio 2010\Projects\ant5\ant5\x64\Release\CL.4636.write.1.tlog
C:\Users\gareth\Documents\Visual Studio 2010\Projects\ant5\ant5\x64\Release\CL.4664.read.1.tlog
C:\Users\gareth\Documents\Visual Studio 2010\Projects\ant5\ant5\x64\Release\CL.4664.write.1.tlog
C:\Users\gareth\Documents\Visual Studio 2010\Projects\ant5\ant5\x64\Release\CL.4708.read.1.tlog
C:\Users\gareth\Documents\Visual Studio 2010\Projects\ant5\ant5\x64\Release\CL.4708.write.1.tlog
C:\Users\gareth\Documents\Visual Studio 2010\Projects\ant5\ant5\x64\Release\CL.4916.read.1.tlog
C:\Users\gareth\Documents\Visual Studio 2010\Projects\ant5\ant5\x64\Release\CL.4916.write.1.tlog
C:\Users\gareth\Documents\Visual Studio 2010\Projects\ant5\ant5\x64\Release\CL.4992.read.1.tlog
C:\Users\gareth\Documents\Visual Studio 2010\Projects\ant5\ant5\x64\Release\CL.4992.write.1.tlog
C:\Users\gareth\Documents\Visual Studio 2010\Projects\ant5\ant5\x64\Release\CL.4996.read.1.tlog
C:\Users\gareth\Documents\Visual Studio 2010\Projects\ant5\ant5\x64\Release\CL.4996.write.1.tlog
C:\Users\gareth\Documents\Visual Studio 2010\Projects\ant5\ant5\x64\Release\CL.5240.read.1.tlog
C:\Users\gareth\Documents\Visual Studio 2010\Projects\ant5\ant5\x64\Release\CL.5240.write.1.tlog
C:\Users\gareth\Documents\Visual Studio 2010\Projects\ant5\ant5\x64\Release\CL.5656.read.1.tlog
C:\Users\gareth\Documents\Visual Studio 2010\Projects\ant5\ant5\x64\Release\CL.5656.write.1.tlog
C:\Users\gareth\Documents\Visual Studio 2010\Projects\ant5\ant5\x64\Release\CL.5764.read.1.tlog
C:\Users\gareth\Documents\Visual Studio 2010\Projects\ant5\ant5\x64\Release\CL.5764.write.1.tlog
C:\Users\gareth\Documents\Visual Studio 2010\Projects\ant5\ant5\x64\Release\CL.6108.read.1.tlog
C:\Users\gareth\Documents\Visual Studio 2010\Projects\ant5\ant5\x64\Release\CL.6108.write.1.tlog
C:\Users\gareth\Documents\Visual Studio 2010\Projects\ant5\ant5\x64\Release\CL.6116.read.1.tlog
C:\Users\gareth\Documents\Visual Studio 2010\Projects\ant5\ant5\x64\Release\CL.6116.write.1.tlog
C:\Users\gareth\Documents\Visual Studio 2010\Projects\ant5\ant5\x64\Release\CL.768.read.1.tlog
C:\Users\gareth\Documents\Visual Studio 2010\Projects\ant5\ant5\x64\Release\CL.768.write.1.tlog
C:\Users\gareth\Documents\Visual Studio 2010\Projects\ant5\ant5\x64\Release\cl.command.1.tlog
C:\Users\gareth\Documents\Visual Studio 2010\Projects\ant5\ant5\x64\Release\CL.read.1.tlog
C:\Users\gareth\Documents\Visual Studio 2010\Projects\ant5\ant5\x64\Release\CL.write.1.tlog
C:\USERS\GARETH\DOCUMENTS\VISUAL STUDIO 2010\PROJECTS\ANT5\ANT5\X64\RELEASE\FILEREADER.OBJ
C:\USERS\GARETH\DOCUMENTS\VISUAL STUDIO 2010\PROJECTS\ANT5\ANT5\X64\RELEASE\GENETICALGORITHM.OBJ
C:\USERS\GARETH\DOCUMENTS\VISUAL STUDIO 2010\PROJECTS\ANT5\ANT5\X64\RELEASE\GENETICSYSTEM.OBJ
C:\Users\gareth\Documents\Visual Studio 2010\Projects\ant5\ant5\x64\Release\link.command.1.tlog
C:\Users\gareth\Documents\Visual Studio 2010\Projects\ant5\ant5\x64\Release\link.read.1.tlog
C:\Users\gareth\Documents\Visual Studio 2010\Projects\ant5\ant5\x64\Release\link.write.1.tlog
C:\USERS\GARETH\DOCUMENTS\VISUAL STUDIO 2010\PROJECTS\ANT5\ANT5\X64\RELEASE\MINMAXANTSYSTEM.OBJ
C:\Users\gareth\Documents\Visual Studio 2010\Projects\ant5\ant5\x64\Release\mt.command.1.tlog
C:\Users\gareth\Documents\Visual Studio 2010\Projects\ant5\ant5\x64\Release\mt.read.1.tlog
C:\Users\gareth\Documents\Visual Studio 2010\Projects\ant5\ant5\x64\Release\mt.write.1.tlog
C:\USERS\GARETH\DOCUMENTS\VISUAL STUDIO 2010\PROJECTS\ANT5\ANT5\X64\RELEASE\POPULATION.OBJ
C:\USERS\GARETH\DOCUMENTS\VISUAL STUDIO 2010\PROJECTS\ANT5\ANT5\X64\RELEASE\STDAFX.OBJ
C:\USERS\GARETH\DOCUMENTS\VISUAL STUDIO 2010\PROJECTS\ANT5\ANT5\X64\RELEASE\TOUR.OBJ
C:\USERS\GARETH\DOCUMENTS\VISUAL STUDIO 2010\PROJECTS\ANT5\ANT5\X64\RELEASE\VC100.PDB
C:\USERS\GARETH\DOCUMENTS\VISUAL STUDIO 2010\PROJECTS\ANT5\X64\RELEASE\ANT5.EXE
