Build started 04/07/2014 19:06:54.
     1>Project "C:\Users\gareth\Documents\Visual Studio 2010\Projects\ant5\ant5\ant5.vcxproj" on node 2 (build target(s)).
     1>InitializeBuildStatus:
         Creating "Debug\ant5.unsuccessfulbuild" because "AlwaysCreate" was specified.
       ClCompile:
         All outputs are up-to-date.
         c:\Program Files (x86)\Microsoft Visual Studio 10.0\VC\bin\CL.exe /c /ZI /nologo /W3 /WX- /Od /Oy- /D WIN32 /D _DEBUG /D _CONSOLE /D _UNICODE /D UNICODE /Gm /EHsc /RTC1 /MDd /GS /fp:precise /Zc:wchar_t /Zc:forScope /Yu"StdAfx.h" /Fp"Debug\ant5.pch" /Fo"Debug\\" /Fd"Debug\vc100.pdb" /Gd /TP /analyze- /errorReport:prompt ant5.cpp
         ant5.cpp
     1>c:\users\gareth\documents\visual studio 2010\projects\ant5\ant5\antsystem.h(109): warning C4244: 'initializing' : conversion from 'double' to 'int', possible loss of data
       Link:
         c:\Program Files (x86)\Microsoft Visual Studio 10.0\VC\bin\link.exe /ERRORREPORT:PROMPT /OUT:"C:\Users\gareth\Documents\Visual Studio 2010\Projects\ant5\Debug\ant5.exe" /INCREMENTAL:NO /NOLOGO kernel32.lib user32.lib gdi32.lib winspool.lib comdlg32.lib advapi32.lib shell32.lib ole32.lib oleaut32.lib uuid.lib odbc32.lib odbccp32.lib /MANIFEST /ManifestFile:"Debug\ant5.exe.intermediate.manifest" /MANIFESTUAC:"level='asInvoker' uiAccess='false'" /DEBUG /PDB:"C:\Users\gareth\Documents\Visual Studio 2010\Projects\ant5\Debug\ant5.pdb" /SUBSYSTEM:CONSOLE /TLBID:1 /DYNAMICBASE /NXCOMPAT /IMPLIB:"C:\Users\gareth\Documents\Visual Studio 2010\Projects\ant5\Debug\ant5.lib" /MACHINE:X86 Debug\Ant.obj
         Debug\ant5.obj
         Debug\AntSystem.obj
         Debug\FileReader.obj
         Debug\stdafx.obj
     1>Ant.obj : warning LNK4075: ignoring '/EDITANDCONTINUE' due to '/INCREMENTAL:NO' specification
         ant5.vcxproj -> C:\Users\gareth\Documents\Visual Studio 2010\Projects\ant5\Debug\ant5.exe
       Manifest:
         C:\Program Files (x86)\Microsoft SDKs\Windows\v7.0A\bin\mt.exe /nologo /verbose /outputresource:"C:\Users\gareth\Documents\Visual Studio 2010\Projects\ant5\Debug\ant5.exe;#1" /manifest Debug\ant5.exe.intermediate.manifest
       FinalizeBuildStatus:
         Deleting file "Debug\ant5.unsuccessfulbuild".
         Touching "Debug\ant5.lastbuildstate".
     1>Done Building Project "C:\Users\gareth\Documents\Visual Studio 2010\Projects\ant5\ant5\ant5.vcxproj" (build target(s)).

Build succeeded.

Time Elapsed 00:00:02.08
