C:\USERS\GARETH\DOCUMENTS\VISUAL STUDIO 2010\PROJECTS\ANT5\ANT5\DEBUG\ANT.OBJ
C:\Users\gareth\Documents\Visual Studio 2010\Projects\ant5\ant5\Debug\ant5.exe.embed.manifest
C:\USERS\GARETH\DOCUMENTS\VISUAL STUDIO 2010\PROJECTS\ANT5\ANT5\DEBUG\ANT5.EXE.EMBED.MANIFEST.RES
C:\USERS\GARETH\DOCUMENTS\VISUAL STUDIO 2010\PROJECTS\ANT5\ANT5\DEBUG\ANT5.EXE.INTERMEDIATE.MANIFEST
C:\USERS\GARETH\DOCUMENTS\VISUAL STUDIO 2010\PROJECTS\ANT5\ANT5\DEBUG\ANT5.OBJ
C:\USERS\GARETH\DOCUMENTS\VISUAL STUDIO 2010\PROJECTS\ANT5\ANT5\DEBUG\ANT5.PCH
C:\Users\gareth\Documents\Visual Studio 2010\Projects\ant5\ant5\Debug\ant5.vcxprojResolveAssemblyReference.cache
C:\Users\gareth\Documents\Visual Studio 2010\Projects\ant5\ant5\Debug\ant5.write.1.tlog
C:\Users\gareth\Documents\Visual Studio 2010\Projects\ant5\ant5\Debug\ant5_manifest.rc
C:\USERS\GARETH\DOCUMENTS\VISUAL STUDIO 2010\PROJECTS\ANT5\ANT5\DEBUG\ANTSYSTEM.OBJ
C:\Users\gareth\Documents\Visual Studio 2010\Projects\ant5\ant5\Debug\cl.command.1.tlog
C:\Users\gareth\Documents\Visual Studio 2010\Projects\ant5\ant5\Debug\CL.read.1.tlog
C:\Users\gareth\Documents\Visual Studio 2010\Projects\ant5\ant5\Debug\CL.write.1.tlog
C:\USERS\GARETH\DOCUMENTS\VISUAL STUDIO 2010\PROJECTS\ANT5\ANT5\DEBUG\FILEREADER.OBJ
C:\Users\gareth\Documents\Visual Studio 2010\Projects\ant5\ant5\Debug\link.command.1.tlog
C:\Users\gareth\Documents\Visual Studio 2010\Projects\ant5\ant5\Debug\link.read.1.tlog
C:\Users\gareth\Documents\Visual Studio 2010\Projects\ant5\ant5\Debug\link.write.1.tlog
C:\Users\gareth\Documents\Visual Studio 2010\Projects\ant5\ant5\Debug\mt.command.1.tlog
C:\Users\gareth\Documents\Visual Studio 2010\Projects\ant5\ant5\Debug\mt.read.1.tlog
C:\Users\gareth\Documents\Visual Studio 2010\Projects\ant5\ant5\Debug\mt.write.1.tlog
C:\Users\gareth\Documents\Visual Studio 2010\Projects\ant5\ant5\Debug\rc.command.1.tlog
C:\Users\gareth\Documents\Visual Studio 2010\Projects\ant5\ant5\Debug\rc.read.1.tlog
C:\Users\gareth\Documents\Visual Studio 2010\Projects\ant5\ant5\Debug\rc.write.1.tlog
C:\USERS\GARETH\DOCUMENTS\VISUAL STUDIO 2010\PROJECTS\ANT5\ANT5\DEBUG\STDAFX.OBJ
C:\Users\gareth\Documents\Visual Studio 2010\Projects\ant5\ant5\Debug\vc100.idb
C:\USERS\GARETH\DOCUMENTS\VISUAL STUDIO 2010\PROJECTS\ANT5\ANT5\DEBUG\VC100.PDB
C:\USERS\GARETH\DOCUMENTS\VISUAL STUDIO 2010\PROJECTS\ANT5\DEBUG\ANT5.EXE
C:\USERS\GARETH\DOCUMENTS\VISUAL STUDIO 2010\PROJECTS\ANT5\DEBUG\ANT5.PDB
