C:\USERS\GARETH\DOCUMENTS\VISUAL STUDIO 2010\PROJECTS\ANT5\ANT5\X64\DEBUG\ANT.OBJ
C:\USERS\GARETH\DOCUMENTS\VISUAL STUDIO 2010\PROJECTS\ANT5\ANT5\X64\DEBUG\ANT5.EXE.INTERMEDIATE.MANIFEST
C:\USERS\GARETH\DOCUMENTS\VISUAL STUDIO 2010\PROJECTS\ANT5\ANT5\X64\DEBUG\ANT5.OBJ
C:\USERS\GARETH\DOCUMENTS\VISUAL STUDIO 2010\PROJECTS\ANT5\ANT5\X64\DEBUG\ANT5.PCH
C:\Users\gareth\Documents\Visual Studio 2010\Projects\ant5\ant5\x64\Debug\ant5.vcxprojResolveAssemblyReference.cache
C:\Users\gareth\Documents\Visual Studio 2010\Projects\ant5\ant5\x64\Debug\ant5.write.1.tlog
C:\USERS\GARETH\DOCUMENTS\VISUAL STUDIO 2010\PROJECTS\ANT5\ANT5\X64\DEBUG\ANTCSYSTEM.OBJ
C:\USERS\GARETH\DOCUMENTS\VISUAL STUDIO 2010\PROJECTS\ANT5\ANT5\X64\DEBUG\ANTSYSTEM.OBJ
C:\USERS\GARETH\DOCUMENTS\VISUAL STUDIO 2010\PROJECTS\ANT5\ANT5\X64\DEBUG\BESTWORSTANTSYSTEM.OBJ
C:\USERS\GARETH\DOCUMENTS\VISUAL STUDIO 2010\PROJECTS\ANT5\ANT5\X64\DEBUG\CANT.OBJ
C:\USERS\GARETH\DOCUMENTS\VISUAL STUDIO 2010\PROJECTS\ANT5\ANT5\X64\DEBUG\CANTCOLONYSYSTEM.OBJ
C:\USERS\GARETH\DOCUMENTS\VISUAL STUDIO 2010\PROJECTS\ANT5\ANT5\X64\DEBUG\CANTSYSTEM.OBJ
C:\USERS\GARETH\DOCUMENTS\VISUAL STUDIO 2010\PROJECTS\ANT5\ANT5\X64\DEBUG\CCHROMO.OBJ
C:\USERS\GARETH\DOCUMENTS\VISUAL STUDIO 2010\PROJECTS\ANT5\ANT5\X64\DEBUG\CELITISTANTSYSTEM.OBJ
C:\USERS\GARETH\DOCUMENTS\VISUAL STUDIO 2010\PROJECTS\ANT5\ANT5\X64\DEBUG\CFILEREADER.OBJ
C:\USERS\GARETH\DOCUMENTS\VISUAL STUDIO 2010\PROJECTS\ANT5\ANT5\X64\DEBUG\CGENETICSYSTEM.OBJ
C:\USERS\GARETH\DOCUMENTS\VISUAL STUDIO 2010\PROJECTS\ANT5\ANT5\X64\DEBUG\CHROMO.OBJ
C:\USERS\GARETH\DOCUMENTS\VISUAL STUDIO 2010\PROJECTS\ANT5\ANT5\X64\DEBUG\CHROMO1.OBJ
C:\Users\gareth\Documents\Visual Studio 2010\Projects\ant5\ant5\x64\Debug\cl.command.1.tlog
C:\Users\gareth\Documents\Visual Studio 2010\Projects\ant5\ant5\x64\Debug\CL.read.1.tlog
C:\Users\gareth\Documents\Visual Studio 2010\Projects\ant5\ant5\x64\Debug\CL.write.1.tlog
C:\USERS\GARETH\DOCUMENTS\VISUAL STUDIO 2010\PROJECTS\ANT5\ANT5\X64\DEBUG\CMINMAXANTSYSTEM.OBJ
C:\USERS\GARETH\DOCUMENTS\VISUAL STUDIO 2010\PROJECTS\ANT5\ANT5\X64\DEBUG\CTSPLIBFILEREADER.OBJ
C:\USERS\GARETH\DOCUMENTS\VISUAL STUDIO 2010\PROJECTS\ANT5\ANT5\X64\DEBUG\ELITISTANTSYSTEM.OBJ
C:\USERS\GARETH\DOCUMENTS\VISUAL STUDIO 2010\PROJECTS\ANT5\ANT5\X64\DEBUG\FILEREADER.OBJ
C:\USERS\GARETH\DOCUMENTS\VISUAL STUDIO 2010\PROJECTS\ANT5\ANT5\X64\DEBUG\GENETICSYSTEM.OBJ
C:\Users\gareth\Documents\Visual Studio 2010\Projects\ant5\ant5\x64\Debug\link.command.1.tlog
C:\Users\gareth\Documents\Visual Studio 2010\Projects\ant5\ant5\x64\Debug\link.read.1.tlog
C:\Users\gareth\Documents\Visual Studio 2010\Projects\ant5\ant5\x64\Debug\link.write.1.tlog
C:\USERS\GARETH\DOCUMENTS\VISUAL STUDIO 2010\PROJECTS\ANT5\ANT5\X64\DEBUG\MINMAXANTSYSTEM.OBJ
C:\Users\gareth\Documents\Visual Studio 2010\Projects\ant5\ant5\x64\Debug\mt.command.1.tlog
C:\Users\gareth\Documents\Visual Studio 2010\Projects\ant5\ant5\x64\Debug\mt.read.1.tlog
C:\Users\gareth\Documents\Visual Studio 2010\Projects\ant5\ant5\x64\Debug\mt.write.1.tlog
C:\USERS\GARETH\DOCUMENTS\VISUAL STUDIO 2010\PROJECTS\ANT5\ANT5\X64\DEBUG\STDAFX.OBJ
C:\Users\gareth\Documents\Visual Studio 2010\Projects\ant5\ant5\x64\Debug\vc100.idb
C:\USERS\GARETH\DOCUMENTS\VISUAL STUDIO 2010\PROJECTS\ANT5\ANT5\X64\DEBUG\VC100.PDB
C:\USERS\GARETH\DOCUMENTS\VISUAL STUDIO 2010\PROJECTS\ANT5\X64\DEBUG\ANT5.EXE
C:\USERS\GARETH\DOCUMENTS\VISUAL STUDIO 2010\PROJECTS\ANT5\X64\DEBUG\ANT5.PDB
