Build started 7/10/2014 3:43:13 AM.
     1>Project "C:\Users\gareth\Documents\Visual Studio 2010\Projects\ant5\ant5\ant5.vcxproj" on node 2 (build target(s)).
     1>InitializeBuildStatus:
         Creating "x64\Debug\ant5.unsuccessfulbuild" because "AlwaysCreate" was specified.
       ClCompile:
         All outputs are up-to-date.
         c:\Program Files (x86)\Microsoft Visual Studio 10.0\VC\bin\x86_amd64\CL.exe /c /I"C:\Program Files (x86)\Visual Leak Detector\include" /Zi /nologo /W3 /WX- /Od /D WIN32 /D _DEBUG /D _CONSOLE /D _UNICODE /D UNICODE /Gm /EHsc /RTC1 /MDd /GS /fp:precise /Zc:wchar_t /Zc:forScope /Yu"StdAfx.h" /Fp"x64\Debug\ant5.pch" /Fo"x64\Debug\\" /Fd"x64\Debug\vc100.pdb" /Gd /TP /errorReport:prompt ant5.cpp
         ant5.cpp
       Link:
         c:\Program Files (x86)\Microsoft Visual Studio 10.0\VC\bin\x86_amd64\link.exe /ERRORREPORT:PROMPT /OUT:"C:\Users\gareth\Documents\Visual Studio 2010\Projects\ant5\x64\Debug\ant5.exe" /INCREMENTAL:NO /NOLOGO /LIBPATH:"C:\Program Files (x86)\Visual Leak Detector\lib\Win64" kernel32.lib user32.lib gdi32.lib winspool.lib comdlg32.lib advapi32.lib shell32.lib ole32.lib oleaut32.lib uuid.lib odbc32.lib odbccp32.lib /MANIFEST /ManifestFile:"x64\Debug\ant5.exe.intermediate.manifest" /MANIFESTUAC:"level='asInvoker' uiAccess='false'" /DEBUG /PDB:"C:\Users\gareth\Documents\Visual Studio 2010\Projects\ant5\x64\Debug\ant5.pdb" /SUBSYSTEM:CONSOLE /TLBID:1 /DYNAMICBASE /NXCOMPAT /IMPLIB:"C:\Users\gareth\Documents\Visual Studio 2010\Projects\ant5\x64\Debug\ant5.lib" /MACHINE:X64 x64\Debug\Ant.obj
         x64\Debug\ant5.obj
         x64\Debug\AntCSystem.obj
         x64\Debug\AntSystem.obj
         x64\Debug\Chromo.obj
         x64\Debug\Chromo1.obj
         x64\Debug\ElitistAntSystem.obj
         x64\Debug\FileReader.obj
         x64\Debug\GeneticSystem.obj
         x64\Debug\MinMaxAntSystem.obj
         x64\Debug\stdafx.obj
         ant5.vcxproj -> C:\Users\gareth\Documents\Visual Studio 2010\Projects\ant5\x64\Debug\ant5.exe
       Manifest:
         C:\Program Files (x86)\Microsoft SDKs\Windows\v7.0A\bin\mt.exe /nologo /verbose /outputresource:"C:\Users\gareth\Documents\Visual Studio 2010\Projects\ant5\x64\Debug\ant5.exe;#1" /manifest x64\Debug\ant5.exe.intermediate.manifest
       FinalizeBuildStatus:
         Deleting file "x64\Debug\ant5.unsuccessfulbuild".
         Touching "x64\Debug\ant5.lastbuildstate".
     1>Done Building Project "C:\Users\gareth\Documents\Visual Studio 2010\Projects\ant5\ant5\ant5.vcxproj" (build target(s)).

Build succeeded.

Time Elapsed 00:00:01.14
